c:\users\gameuser\desktop\4thyearproject\lab 5\lab5\fun\x64\debug\vc143.pdb
c:\users\gameuser\desktop\4thyearproject\lab 5\lab5\fun\x64\debug\vc143.idb
c:\users\gameuser\desktop\4thyearproject\lab 5\lab5\fun\x64\debug\node.obj
c:\users\gameuser\desktop\4thyearproject\lab 5\lab5\fun\x64\debug\mapsaver.obj
c:\users\gameuser\desktop\4thyearproject\lab 5\lab5\fun\x64\debug\main.obj
c:\users\gameuser\desktop\4thyearproject\lab 5\lab5\fun\x64\debug\loader.obj
c:\users\gameuser\desktop\4thyearproject\lab 5\lab5\fun\x64\debug\job.obj
c:\users\gameuser\desktop\4thyearproject\lab 5\lab5\fun\x64\debug\grid.obj
c:\users\gameuser\desktop\4thyearproject\lab 5\lab5\fun\x64\debug\gamedata.obj
c:\users\gameuser\desktop\4thyearproject\lab 5\lab5\fun\x64\debug\cell.obj
c:\users\gameuser\desktop\4thyearproject\lab 5\lab5\fun\x64\debug\basebuildereditiorbox.obj
c:\users\gameuser\desktop\4thyearproject\lab 5\lab5\fun\x64\debug\agent.obj
c:\users\gameuser\desktop\4thyearproject\lab 5\lab5\fun\x64\debug\texturesplitter.obj
c:\users\gameuser\desktop\4thyearproject\lab 5\lab5\fun\x64\debug\shipparteditiorbox.obj
c:\users\gameuser\desktop\4thyearproject\lab 5\lab5\fun\x64\debug\search.obj
c:\users\gameuser\desktop\4thyearproject\lab 5\lab5\fun\x64\debug\scenemanager.obj
c:\users\gameuser\desktop\4thyearproject\lab 5\lab5\fun\x64\debug\scene.obj
c:\users\gameuser\desktop\4thyearproject\lab 5\lab5\fun\x64\debug\menuscene.obj
c:\users\gameuser\desktop\4thyearproject\lab 5\lab5\fun\x64\debug\gameplayscene.obj
c:\users\gameuser\desktop\4thyearproject\lab 5\lab5\fun\x64\debug\editorscene.obj
c:\users\gameuser\desktop\4thyearproject\lab 5\lab5\fun\x64\debug\basegameplayscene.obj
c:\users\gameuser\desktop\4thyearproject\lab 5\lab5\fun\x64\debug\basebuilderscene.obj
c:\users\gameuser\desktop\4thyearproject\lab 5\lab5\fun\x64\debug\rotationmath.obj
c:\users\gameuser\desktop\4thyearproject\lab 5\lab5\fun\x64\debug\room.obj
c:\users\gameuser\desktop\4thyearproject\lab 5\lab5\fun\x64\debug\partslibarary.obj
c:\users\gameuser\desktop\4thyearproject\lab 5\lab5\fun\x64\debug\particlesystem.obj
c:\users\gameuser\desktop\4thyearproject\lab 5\lab5\fun\x64\debug\particle.obj
c:\users\gameuser\desktop\4thyearproject\lab 5\lab5\fun\x64\debug\npc.obj
c:\users\gameuser\desktop\4thyearproject\lab 5\lab5\fun\x64\debug\vectormath.obj
c:\users\gameuser\desktop\4thyearproject\lab 5\lab5\fun\x64\debug\uiscreenborder.obj
c:\users\gameuser\desktop\4thyearproject\lab 5\lab5\fun\x64\debug\tilelibrary.obj
c:\users\gameuser\desktop\4thyearproject\lab 5\lab5\fun\x64\debug\tile.obj
c:\users\gameuser\desktop\4thyearproject\lab 5\lab5\fun\x64\debug\shippart.obj
c:\users\gameuser\desktop\4thyearproject\lab 5\lab5\fun\x64\debug\ship.obj
c:\users\gameuser\desktop\4thyearproject\lab 5\lab5\fun\x64\debug\movablecamera.obj
c:\users\gameuser\desktop\4thyearproject\lab 5\lab5\fun\x64\debug\ui.obj
c:\users\gameuser\desktop\4thyearproject\lab 5\lab5\fun\x64\debug\uieditorbox.obj
c:\users\gameuser\desktop\4thyearproject\lab 5\lab5\fun\x64\debug\editormouse.obj
c:\users\gameuser\desktop\4thyearproject\lab 5\lab5\fun\x64\debug\connector.obj
c:\users\gameuser\desktop\4thyearproject\lab 5\lab5\fun\x64\debug\game.obj
c:\users\gameuser\desktop\4thyearproject\lab 5\lab5\fun\x64\debug\animator.obj
c:\users\gameuser\desktop\4thyearproject\lab 5\lab5\fun\x64\debug\fun.tlog\cl.command.1.tlog
c:\users\gameuser\desktop\4thyearproject\lab 5\lab5\fun\x64\debug\fun.tlog\cl.read.1.tlog
c:\users\gameuser\desktop\4thyearproject\lab 5\lab5\fun\x64\debug\fun.tlog\cl.write.1.tlog
